# JRE version: Java(TM) SE Runtime Environment (7.0_79-b15) (build 1.7.0_79-b15)
# Java VM: Java HotSpot(TM) Client VM (24.79-b02 mixed mode windows-x86 )
Heap
 def new generation   total 4928K, used 2709K [0x04c00000, 0x05150000, 0x0a150000)
  eden space 4416K,  49% used [0x04c00000, 0x04e25470, 0x05050000)
  from space 512K, 100% used [0x050d0000, 0x05150000, 0x05150000)
  to   space 512K,   0% used [0x05050000, 0x05050000, 0x050d0000)
 tenured generation   total 10944K, used 2855K [0x0a150000, 0x0ac00000, 0x14c00000)
   the space 10944K,  26% used [0x0a150000, 0x0a419da0, 0x0a419e00, 0x0ac00000)
 compacting perm gen  total 12288K, used 4327K [0x14c00000, 0x15800000, 0x18c00000)
   the space 12288K,  35% used [0x14c00000, 0x15039df0, 0x15039e00, 0x15800000)
GC Heap History (6 events):
Event: 0.247 GC heap before
{Heap before GC invocations=0 (full 0):
 def new generation   total 4928K, used 4416K [0x04c00000, 0x05150000, 0x0a150000)
  eden space 4416K, 100% used [0x04c00000, 0x05050000, 0x05050000)
  from space 512K,   0% used [0x05050000, 0x05050000, 0x050d0000)
  to   space 512K,   0% used [0x050d0000, 0x050d0000, 0x05150000)
 tenured generation   total 10944K, used 0K [0x0a150000, 0x0ac00000, 0x14c00000)
   the space 10944K,   0% used [0x0a150000, 0x0a150000, 0x0a150200, 0x0ac00000)
 compacting perm gen  total 12288K, used 1796K [0x14c00000, 0x15800000, 0x18c00000)
   the space 12288K,  14% used [0x14c00000, 0x14dc1148, 0x14dc1200, 0x15800000)
No shared spaces configured.
Event: 0.252 GC heap after
Heap after GC invocations=1 (full 0):
 def new generation   total 4928K, used 512K [0x04c00000, 0x05150000, 0x0a150000)
  eden space 4416K,   0% used [0x04c00000, 0x04c00000, 0x05050000)
  from space 512K, 100% used [0x050d0000, 0x05150000, 0x05150000)
  to   space 512K,   0% used [0x05050000, 0x05050000, 0x050d0000)
 tenured generation   total 10944K, used 1097K [0x0a150000, 0x0ac00000, 0x14c00000)
   the space 10944K,  10% used [0x0a150000, 0x0a2625b8, 0x0a262600, 0x0ac00000)
 compacting perm gen  total 12288K, used 1796K [0x14c00000, 0x15800000, 0x18c00000)
   the space 12288K,  14% used [0x14c00000, 0x14dc1148, 0x14dc1200, 0x15800000)
No shared spaces configured.
}
Event: 0.394 GC heap before
{Heap before GC invocations=1 (full 0):
 def new generation   total 4928K, used 4900K [0x04c00000, 0x05150000, 0x0a150000)
  eden space 4416K,  99% used [0x04c00000, 0x050491b8, 0x05050000)
  from space 512K, 100% used [0x050d0000, 0x05150000, 0x05150000)
  to   space 512K,   0% used [0x05050000, 0x05050000, 0x050d0000)
 tenured generation   total 10944K, used 1097K [0x0a150000, 0x0ac00000, 0x14c00000)
   the space 10944K,  10% used [0x0a150000, 0x0a2625b8, 0x0a262600, 0x0ac00000)
 compacting perm gen  total 12288K, used 3265K [0x14c00000, 0x15800000, 0x18c00000)
   the space 12288K,  26% used [0x14c00000, 0x14f30728, 0x14f30800, 0x15800000)
No shared spaces configured.
Event: 0.399 GC heap after
Heap after GC invocations=2 (full 0):
 def new generation   total 4928K, used 512K [0x04c00000, 0x05150000, 0x0a150000)
  eden space 4416K,   0% used [0x04c00000, 0x04c00000, 0x05050000)
  from space 512K, 100% used [0x05050000, 0x050d0000, 0x050d0000)
  to   space 512K,   0% used [0x050d0000, 0x050d0000, 0x05150000)
 tenured generation   total 10944K, used 2319K [0x0a150000, 0x0ac00000, 0x14c00000)
   the space 10944K,  21% used [0x0a150000, 0x0a393eb0, 0x0a394000, 0x0ac00000)
 compacting perm gen  total 12288K, used 3265K [0x14c00000, 0x15800000, 0x18c00000)
   the space 12288K,  26% used [0x14c00000, 0x14f30728, 0x14f30800, 0x15800000)
No shared spaces configured.
}
Event: 0.558 GC heap before
{Heap before GC invocations=2 (full 0):
 def new generation   total 4928K, used 4922K [0x04c00000, 0x05150000, 0x0a150000)
  eden space 4416K,  99% used [0x04c00000, 0x0504e868, 0x05050000)
  from space 512K, 100% used [0x05050000, 0x050d0000, 0x050d0000)
  to   space 512K,   0% used [0x050d0000, 0x050d0000, 0x05150000)
 tenured generation   total 10944K, used 2319K [0x0a150000, 0x0ac00000, 0x14c00000)
   the space 10944K,  21% used [0x0a150000, 0x0a393eb0, 0x0a394000, 0x0ac00000)
 compacting perm gen  total 12288K, used 3913K [0x14c00000, 0x15800000, 0x18c00000)
   the space 12288K,  31% used [0x14c00000, 0x14fd2738, 0x14fd2800, 0x15800000)
No shared spaces configured.
Event: 0.562 GC heap after
Heap after GC invocations=3 (full 0):
 def new generation   total 4928K, used 512K [0x04c00000, 0x05150000, 0x0a150000)
  eden space 4416K,   0% used [0x04c00000, 0x04c00000, 0x05050000)
  from space 512K, 100% used [0x050d0000, 0x05150000, 0x05150000)
  to   space 512K,   0% used [0x05050000, 0x05050000, 0x050d0000)
 tenured generation   total 10944K, used 2855K [0x0a150000, 0x0ac00000, 0x14c00000)
   the space 10944K,  26% used [0x0a150000, 0x0a419da0, 0x0a419e00, 0x0ac00000)
 compacting perm gen  total 12288K, used 3913K [0x14c00000, 0x15800000, 0x18c00000)
   the space 12288K,  31% used [0x14c00000, 0x14fd2738, 0x14fd2800, 0x15800000)
No shared spaces configured.
}

